<?xml version="1.0" encoding="UTF-8"?>
<testsuite name="com.geico.tfs.matcher.TfsMatcherRunnerTest" time="0.572" tests="1" errors="0" skipped="0" failures="0">
  <properties>
    <property name="java.runtime.name" value="Java(TM) SE Runtime Environment"/>
    <property name="sun.boot.library.path" value="C:\Program Files\Java\jdk1.7.0_65\jre\bin"/>
    <property name="java.vm.version" value="24.65-b04"/>
    <property name="java.vm.vendor" value="Oracle Corporation"/>
    <property name="maven.multiModuleProjectDirectory" value="C:\src\MSI\Dev\vNext\Platform\CodeQuality\SonarMatcher\sonar-tfs-matcher-plugin"/>
    <property name="java.vendor.url" value="http://java.oracle.com/"/>
    <property name="path.separator" value=";"/>
    <property name="guice.disable.misplaced.annotation.check" value="true"/>
    <property name="java.vm.name" value="Java HotSpot(TM) 64-Bit Server VM"/>
    <property name="file.encoding.pkg" value="sun.io"/>
    <property name="user.script" value=""/>
    <property name="user.country" value="US"/>
    <property name="sun.java.launcher" value="SUN_STANDARD"/>
    <property name="sun.os.patch.level" value="Service Pack 1"/>
    <property name="java.vm.specification.name" value="Java Virtual Machine Specification"/>
    <property name="user.dir" value="C:\src\MSI\Dev\vNext\Platform\CodeQuality\SonarMatcher\sonar-tfs-matcher-plugin"/>
    <property name="java.runtime.version" value="1.7.0_65-b19"/>
    <property name="java.awt.graphicsenv" value="sun.awt.Win32GraphicsEnvironment"/>
    <property name="java.endorsed.dirs" value="C:\Program Files\Java\jdk1.7.0_65\jre\lib\endorsed"/>
    <property name="os.arch" value="amd64"/>
    <property name="java.io.tmpdir" value="C:\Users\kkoller\AppData\Local\Temp\"/>
    <property name="line.separator" value="&#10;"/>
    <property name="java.vm.specification.vendor" value="Oracle Corporation"/>
    <property name="user.variant" value=""/>
    <property name="os.name" value="Windows 7"/>
    <property name="classworlds.conf" value="C:\dev\TfsMatcherPlugin\.metadata\.plugins\org.eclipse.m2e.launching\launches\m2conf2154356708534914924.tmp"/>
    <property name="sun.jnu.encoding" value="Cp1252"/>
    <property name="java.library.path" value="C:\Program Files\Java\jdk1.7.0_65\bin;C:\Windows\Sun\Java\bin;C:\Windows\system32;C:\Windows;C:\ProgramData\Oracle\Java\javapath;C:\Program Files (x86)\RSA SecurID Token Common;C:\Windows\system32;C:\Windows;C:\Windows\System32\Wbem;C:\Program Files (x86)\Windows Kits\8.1\Windows Performance Toolkit\;C:\Program Files\Microsoft SQL Server\110\Tools\Binn\;C:\Program Files\Microsoft SQL Server\110\DTS\Binn\;C:\Program Files (x86)\Microsoft SQL Server\110\Tools\Binn\;C:\Program Files (x86)\Microsoft SQL Server\110\Tools\Binn\ManagementStudio\;C:\Program Files (x86)\Microsoft Visual Studio 10.0\Common7\IDE\PrivateAssemblies\;C:\Program Files (x86)\Microsoft SQL Server\110\DTS\Binn\;C:\dev\apache-maven-3.2.3\bin;C:\Program Files (x86)\Microsoft SDKs\TypeScript\1.0\;C:\Program Files\Microsoft SQL Server\120\Tools\Binn\;C:\Program Files\Microsoft\Web Platform Installer\;C:\src\MSI\Main\Platform\PoshGeico\;C:\Windows\system32\config\systemprofile\.dnx\bin;C:\Program Files\Microsoft DNX\Dnvm\;C:\Windows\System32\WindowsPowerShell\v1.0\;C:\Program Files (x86)\Microsoft Team Foundation Server 2013 Power Tools\;C:\Program Files (x86)\Microsoft Team Foundation Server 2013 Power Tools\Best Practices Analyzer\;C:\Program Files (x86)\Microsoft SDKs\Azure\CLI\wbin;C:\Windows\System32\WindowsPowerShell\v1.0\;C:\Program Files (x86)\OpenVPN\bin;."/>
    <property name="java.specification.name" value="Java Platform API Specification"/>
    <property name="java.class.version" value="51.0"/>
    <property name="sun.management.compiler" value="HotSpot 64-Bit Tiered Compilers"/>
    <property name="os.version" value="6.1"/>
    <property name="user.home" value="C:\Users\kkoller"/>
    <property name="user.timezone" value="America/New_York"/>
    <property name="java.awt.printerjob" value="sun.awt.windows.WPrinterJob"/>
    <property name="java.specification.version" value="1.7"/>
    <property name="file.encoding" value="Cp1252"/>
    <property name="user.name" value="kkoller"/>
    <property name="java.class.path" value="/C:/dev/eclipse/eclipse/plugins/org.eclipse.m2e.maven.runtime_1.6.2.20150902-0001/jars/plexus-classworlds-2.5.2.jar"/>
    <property name="java.vm.specification.version" value="1.7"/>
    <property name="sun.arch.data.model" value="64"/>
    <property name="java.home" value="C:\Program Files\Java\jdk1.7.0_65\jre"/>
    <property name="sun.java.command" value="org.codehaus.plexus.classworlds.launcher.Launcher -B clean install"/>
    <property name="java.specification.vendor" value="Oracle Corporation"/>
    <property name="user.language" value="en"/>
    <property name="awt.toolkit" value="sun.awt.windows.WToolkit"/>
    <property name="java.vm.info" value="mixed mode"/>
    <property name="java.version" value="1.7.0_65"/>
    <property name="java.ext.dirs" value="C:\Program Files\Java\jdk1.7.0_65\jre\lib\ext;C:\Windows\Sun\Java\lib\ext"/>
    <property name="sun.boot.class.path" value="C:\Program Files\Java\jdk1.7.0_65\jre\lib\resources.jar;C:\Program Files\Java\jdk1.7.0_65\jre\lib\rt.jar;C:\Program Files\Java\jdk1.7.0_65\jre\lib\sunrsasign.jar;C:\Program Files\Java\jdk1.7.0_65\jre\lib\jsse.jar;C:\Program Files\Java\jdk1.7.0_65\jre\lib\jce.jar;C:\Program Files\Java\jdk1.7.0_65\jre\lib\charsets.jar;C:\Program Files\Java\jdk1.7.0_65\jre\lib\jfr.jar;C:\Program Files\Java\jdk1.7.0_65\jre\classes"/>
    <property name="java.vendor" value="Oracle Corporation"/>
    <property name="maven.home" value="C:\src\MSI\Dev\vNext\Platform\CodeQuality\SonarMatcher\sonar-tfs-matcher-plugin\EMBEDDED"/>
    <property name="file.separator" value="\"/>
    <property name="java.vendor.url.bug" value="http://bugreport.sun.com/bugreport/"/>
    <property name="sun.cpu.endian" value="little"/>
    <property name="sun.io.unicode.encoding" value="UnicodeLittle"/>
    <property name="sun.desktop" value="windows"/>
    <property name="sun.cpu.isalist" value="amd64"/>
  </properties>
  <testcase name="testRunnerNoLocalMapping" classname="com.geico.tfs.matcher.TfsMatcherRunnerTest" time="0.572"/>
</testsuite>