  <Files>
    <File>C:\src\MSI\Dev\vNext\Platform\CodeQuality\SonarMatcher\sonar-tfs-matcher-plugin\test1.txt</File>
    <File>C:\src\MSI\Dev\vNext\Platform\CodeQuality\SonarMatcher\sonar-tfs-matcher-plugin\test2.txt</File>
  </Files>
